This is pdfTeX, Version 3.1415926-2.5-1.40.13 (TeX Live 2013/dev) (format=latex 2013.12.10)  11 DEC 2014 09:57
entering extended mode
 restricted \write18 enabled.
 %&-line parsing enabled.
**_formulas.tex
(./_formulas.tex
LaTeX2e <2011/06/27>
Babel <v3.8m> and hyphenation patterns for english, dumylang, nohyphenation, po
lish, danish, german, ngerman, swissgerman, finnish, bokmal, nynorsk, dutch, sw
edish, italian, french, portuguese, basque, hungarian, spanish, ukenglish, usen
glishmax, russian, ukrainian, coptic, welsh, afrikaans, armenian, ibycus, latin
, friulan, indonesian, romansh, assamese, bengali, gujarati, hindi, kannada, ma
layalam, marathi, oriya, panjabi, tamil, telugu, irish, kurmanji, arabic, catal
an, sanskrit, icelandic, slovak, latvian, mongolian, mongolianlmc, esperanto, i
nterlingua, czech, farsi, croatian, turkmen, bulgarian, ethiopic, greek, german
-x-2012-05-30, ngerman-x-2012-05-30, turkish, galician, romanian, serbian, serb
ianc, lithuanian, piedmontese, uppersorbian, pinyin, estonian, slovenian, loade
d.
(/usr/share/texlive/texmf-dist/tex/latex/base/article.cls
Document Class: article 2007/10/19 v1.4h Standard LaTeX document class
(/usr/share/texlive/texmf-dist/tex/latex/base/size10.clo
File: size10.clo 2007/10/19 v1.4h Standard LaTeX file (size option)
)
\c@part=\count79
\c@section=\count80
\c@subsection=\count81
\c@subsubsection=\count82
\c@paragraph=\count83
\c@subparagraph=\count84
\c@figure=\count85
\c@table=\count86
\abovecaptionskip=\skip41
\belowcaptionskip=\skip42
\bibindent=\dimen102
)
(/usr/share/texlive/texmf-dist/tex/latex/graphics/epsfig.sty
Package: epsfig 1999/02/16 v1.7a (e)psfig emulation (SPQR)

(/usr/share/texlive/texmf-dist/tex/latex/graphics/graphicx.sty
Package: graphicx 1999/02/16 v1.0f Enhanced LaTeX Graphics (DPC,SPQR)

(/usr/share/texlive/texmf-dist/tex/latex/graphics/keyval.sty
Package: keyval 1999/03/16 v1.13 key=value parser (DPC)
\KV@toks@=\toks14
)
(/usr/share/texlive/texmf-dist/tex/latex/graphics/graphics.sty
Package: graphics 2009/02/05 v1.0o Standard LaTeX Graphics (DPC,SPQR)

(/usr/share/texlive/texmf-dist/tex/latex/graphics/trig.sty
Package: trig 1999/03/16 v1.09 sin cos tan (DPC)
)
(/usr/share/texlive/texmf-dist/tex/latex/latexconfig/graphics.cfg
File: graphics.cfg 2010/04/23 v1.9 graphics configuration of TeX Live
)
Package graphics Info: Driver file: dvips.def on input line 91.

(/usr/share/texlive/texmf-dist/tex/latex/graphics/dvips.def
File: dvips.def 1999/02/16 v3.0i Driver-dependant file (DPC,SPQR)
))
\Gin@req@height=\dimen103
\Gin@req@width=\dimen104
)
\epsfxsize=\dimen105
\epsfysize=\dimen106
)
(./_formulas.aux)
\openout1 = `_formulas.aux'.

LaTeX Font Info:    Checking defaults for OML/cmm/m/it on input line 4.
LaTeX Font Info:    ... okay on input line 4.
LaTeX Font Info:    Checking defaults for T1/cmr/m/n on input line 4.
LaTeX Font Info:    ... okay on input line 4.
LaTeX Font Info:    Checking defaults for OT1/cmr/m/n on input line 4.
LaTeX Font Info:    ... okay on input line 4.
LaTeX Font Info:    Checking defaults for OMS/cmsy/m/n on input line 4.
LaTeX Font Info:    ... okay on input line 4.
LaTeX Font Info:    Checking defaults for OMX/cmex/m/n on input line 4.
LaTeX Font Info:    ... okay on input line 4.
LaTeX Font Info:    Checking defaults for U/cmr/m/n on input line 4.
LaTeX Font Info:    ... okay on input line 4.
LaTeX Font Info:    External font `cmex10' loaded for size
(Font)              <7> on input line 5.
LaTeX Font Info:    External font `cmex10' loaded for size
(Font)              <5> on input line 5.

Runaway argument?
{value(d) :\; d \in X\})$ \pagebreak 
! Paragraph ended before \math@egroup was complete.
<to be read again> 
                   \par 
l.7 
    
? x
 
Here is how much of TeX's memory you used:
 538 strings out of 493500
 6512 string characters out of 3143813
 54445 words of memory out of 3000000
 3912 multiletter control sequences out of 15000+200000
 3640 words of font info for 14 fonts, out of 3000000 for 9000
 953 hyphenation exceptions out of 8191
 32i,2n,21p,218b,54s stack positions out of 5000i,500n,10000p,200000b,50000s
No pages of output.
